Base path: 'C:/Program Files/Unity/Hub/Editor/2019.1.2f1/Editor/Data', plugins path 'C:/Program Files/Unity/Hub/Editor/2019.1.2f1/Editor/Data/PlaybackEngines'
Cmd: initializeCompiler
Cmd: compileComputeKernel
  api=18 insize=12109 outsize=6650 ok=1
Cmd: compileComputeKernel
  api=18 insize=12109 outsize=10551 ok=1
Cmd: compileComputeKernel
  api=18 insize=12109 outsize=9574 ok=1
Cmd: compileComputeKernel
  api=9 insize=12109 outsize=3457 ok=1
Cmd: compileComputeKernel
  api=9 insize=12109 outsize=3558 ok=1
Cmd: compileComputeKernel
  api=9 insize=12109 outsize=2557 ok=1
Cmd: compileComputeKernel
  api=9 insize=12109 outsize=2656 ok=1
Cmd: compileComputeKernel
  api=9 insize=12109 outsize=2655 ok=1
Cmd: compileComputeKernel
  api=9 insize=12109 outsize=2809 ok=1
Cmd: compileComputeKernel
  api=9 insize=12109 outsize=3831 ok=1
Cmd: compileComputeKernel
  api=9 insize=12109 outsize=4089 ok=1
Cmd: compileComputeKernel
  api=9 insize=12109 outsize=3317 ok=1
Cmd: compileComputeKernel
  api=9 insize=12109 outsize=4919 ok=1
Cmd: compileComputeKernel
  api=9 insize=12109 outsize=4790 ok=1
Cmd: compileComputeKernel
  api=4 insize=12109 outsize=1558 ok=1
Cmd: compileComputeKernel
  api=4 insize=12109 outsize=1499 ok=1
Cmd: compileComputeKernel
  api=4 insize=12109 outsize=1099 ok=1
Cmd: compileComputeKernel
  api=4 insize=12109 outsize=1863 ok=1
Cmd: compileComputeKernel
  api=4 insize=12109 outsize=1840 ok=1
Cmd: compileComputeKernel
  api=4 insize=12109 outsize=1931 ok=1
Cmd: compileComputeKernel
  api=4 insize=12109 outsize=1579 ok=1
Cmd: compileComputeKernel
  api=4 insize=12109 outsize=2479 ok=1
Cmd: compileComputeKernel
  api=4 insize=12109 outsize=1364 ok=1
Cmd: compileComputeKernel
  api=4 insize=12109 outsize=1580 ok=1
Cmd: compileComputeKernel
  api=18 insize=11985 outsize=6269 ok=1
Cmd: compileComputeKernel
  api=18 insize=11985 outsize=6269 ok=1
Cmd: compileComputeKernel
  api=18 insize=11985 outsize=7721 ok=1
Cmd: compileComputeKernel
  api=18 insize=11985 outsize=6800 ok=1
Cmd: compileComputeKernel
  api=18 insize=11985 outsize=6341 ok=1
Cmd: compileComputeKernel
  api=18 insize=11985 outsize=6338 ok=1
Cmd: compileComputeKernel
  api=18 insize=11985 outsize=6339 ok=1
Cmd: compileComputeKernel
  api=18 insize=11985 outsize=6927 ok=1
Cmd: compileComputeKernel
  api=18 insize=11985 outsize=7000 ok=1
Cmd: compileComputeKernel
  api=9 insize=11985 outsize=3238 ok=1
Cmd: compileComputeKernel
  api=9 insize=11985 outsize=3238 ok=1
Cmd: compileComputeKernel
  api=9 insize=11985 outsize=3238 ok=1
Cmd: compileComputeKernel
  api=9 insize=11985 outsize=3991 ok=1
Cmd: compileComputeKernel
  api=9 insize=11985 outsize=3242 ok=1
Cmd: compileComputeKernel
  api=9 insize=11985 outsize=3424 ok=1
Cmd: compileComputeKernel
  api=9 insize=11985 outsize=3282 ok=1
Cmd: compileComputeKernel
  api=9 insize=11985 outsize=3288 ok=1
Cmd: compileComputeKernel
  api=9 insize=11985 outsize=3279 ok=1
Cmd: compileComputeKernel
  api=9 insize=11985 outsize=3285 ok=1
Cmd: compileComputeKernel
  api=9 insize=11985 outsize=3281 ok=1
Cmd: compileComputeKernel
  api=9 insize=11985 outsize=3484 ok=1
Cmd: compileComputeKernel
  api=9 insize=11985 outsize=3500 ok=1
Cmd: compileComputeKernel
  api=4 insize=11985 outsize=1465 ok=1
Cmd: compileComputeKernel
  api=4 insize=11985 outsize=1465 ok=1
Cmd: compileComputeKernel
  api=4 insize=11985 outsize=1469 ok=1
Cmd: compileComputeKernel
  api=4 insize=11985 outsize=1465 ok=1
Cmd: compileComputeKernel
  api=4 insize=11985 outsize=1905 ok=1
Cmd: compileComputeKernel
  api=4 insize=11985 outsize=1465 ok=1
Cmd: compileComputeKernel
  api=4 insize=11985 outsize=1465 ok=1
Cmd: compileComputeKernel
  api=4 insize=11985 outsize=1620 ok=1
Cmd: compileComputeKernel
  api=4 insize=11985 outsize=1497 ok=1
Cmd: compileComputeKernel
  api=4 insize=11985 outsize=1502 ok=1
Cmd: compileComputeKernel
  api=4 insize=11985 outsize=1494 ok=1
Cmd: compileComputeKernel
  api=4 insize=11985 outsize=1499 ok=1
Cmd: compileComputeKernel
  api=4 insize=11985 outsize=1495 ok=1
Cmd: compileComputeKernel
  api=4 insize=11985 outsize=1528 ok=1
Cmd: compileComputeKernel
  api=4 insize=11985 outsize=1616 ok=1
Cmd: compileComputeKernel
  api=18 insize=18301 outsize=8993 ok=1
Cmd: compileComputeKernel
  api=18 insize=18301 outsize=14819 ok=1
Cmd: compileComputeKernel
  api=18 insize=18301 outsize=14531 ok=1
Cmd: compileComputeKernel
  api=18 insize=18301 outsize=25525 ok=1
Cmd: compileComputeKernel
  api=9 insize=18301 outsize=4405 ok=1
Cmd: compileComputeKernel
  api=9 insize=18301 outsize=7178 ok=1
Cmd: compileComputeKernel
  api=9 insize=18301 outsize=7250 ok=1
Cmd: compileComputeKernel
  api=9 insize=18301 outsize=12205 ok=1
Cmd: compileComputeKernel
  api=4 insize=18301 outsize=2213 ok=1
Cmd: compileComputeKernel
  api=4 insize=18301 outsize=2137 ok=1
Cmd: compileComputeKernel
  api=4 insize=18301 outsize=3271 ok=1
Cmd: compileComputeKernel
  api=4 insize=18301 outsize=3156 ok=1
Cmd: compileComputeKernel
  api=4 insize=18301 outsize=5585 ok=1
Cmd: compileComputeKernel
  api=18 insize=66874 outsize=7530 ok=1
Cmd: compileComputeKernel
  api=18 insize=66874 outsize=53835 ok=1
Cmd: compileComputeKernel
  api=18 insize=66874 outsize=6737 ok=1
Cmd: compileComputeKernel
  api=18 insize=66874 outsize=9389 ok=1
Cmd: compileComputeKernel
  api=18 insize=66874 outsize=6219 ok=1
Cmd: compileComputeKernel
  api=18 insize=66874 outsize=7339 ok=1
Cmd: compileComputeKernel
  api=18 insize=66874 outsize=13035 ok=1
Cmd: compileComputeKernel
  api=18 insize=66874 outsize=5955 ok=1
Cmd: compileComputeKernel
  api=18 insize=66874 outsize=5956 ok=1
Cmd: compileComputeKernel
  api=18 insize=66874 outsize=6181 ok=1
Cmd: compileComputeKernel
  api=18 insize=66874 outsize=7338 ok=1
Cmd: compileComputeKernel
  api=18 insize=66874 outsize=6135 ok=1
Cmd: compileComputeKernel
  api=18 insize=66874 outsize=6429 ok=1
Cmd: compileComputeKernel
  api=18 insize=66874 outsize=8089 ok=1
Cmd: compileComputeKernel
  api=18 insize=66874 outsize=6019 ok=1
Cmd: compileComputeKernel
  api=18 insize=66874 outsize=5956 ok=1
Cmd: compileComputeKernel
  api=18 insize=66874 outsize=7605 ok=1
Cmd: compileComputeKernel
  api=18 insize=66874 outsize=6220 ok=1
Cmd: compileComputeKernel
  api=18 insize=66874 outsize=8067 ok=1
Cmd: compileComputeKernel
  api=18 insize=66874 outsize=9491 ok=1
Cmd: compileComputeKernel
  api=18 insize=66874 outsize=8059 ok=1
Cmd: compileComputeKernel
  api=18 insize=66874 outsize=8598 ok=1
Cmd: compileComputeKernel
  api=18 insize=66874 outsize=8128 ok=1
Cmd: compileComputeKernel
  api=18 insize=66874 outsize=8125 ok=1
Cmd: compileComputeKernel
  api=18 insize=66874 outsize=8733 ok=1
Cmd: compileComputeKernel
  api=18 insize=66874 outsize=8734 ok=1
Cmd: compileComputeKernel
  api=18 insize=66874 outsize=5885 ok=1
Cmd: compileComputeKernel
  api=18 insize=66874 outsize=6326 ok=1
Cmd: compileComputeKernel
  api=18 insize=66874 outsize=10150 ok=1
Cmd: compileComputeKernel
  api=18 insize=66874 outsize=15408 ok=1
Cmd: compileComputeKernel
  api=18 insize=66874 outsize=7322 ok=1
Cmd: compileComputeKernel
  api=18 insize=66874 outsize=6581 ok=1
Cmd: compileComputeKernel
  api=18 insize=66874 outsize=8000 ok=1
Cmd: compileComputeKernel
  api=18 insize=66874 outsize=6499 ok=1
Cmd: compileComputeKernel
  api=18 insize=66874 outsize=4581 ok=1
Cmd: compileComputeKernel
  api=18 insize=66874 outsize=6450 ok=1
Cmd: compileComputeKernel
  api=9 insize=66874 outsize=3737 ok=1
Cmd: compileComputeKernel
  api=9 insize=66874 outsize=6381 ok=1
Cmd: compileComputeKernel
  api=9 insize=66874 outsize=5870 ok=1
Cmd: compileComputeKernel
  api=9 insize=66874 outsize=5907 ok=1
Cmd: compileComputeKernel
  api=9 insize=66874 outsize=7084 ok=1
Cmd: compileComputeKernel
  api=9 insize=66874 outsize=7114 ok=1
Cmd: compileComputeKernel
  api=9 insize=66874 outsize=3445 ok=1
Cmd: compileComputeKernel
  api=9 insize=66874 outsize=5287 ok=1
Cmd: compileComputeKernel
  api=9 insize=66874 outsize=3600 ok=1
Cmd: compileComputeKernel
  api=9 insize=66874 outsize=3269 ok=1
Cmd: compileComputeKernel
  api=9 insize=66874 outsize=3279 ok=1
Cmd: compileComputeKernel
  api=9 insize=66874 outsize=3304 ok=1
Cmd: compileComputeKernel
  api=9 insize=66874 outsize=4621 ok=1
Cmd: compileComputeKernel
  api=9 insize=66874 outsize=3148 ok=1
Cmd: compileComputeKernel
  api=9 insize=66874 outsize=3192 ok=1
Cmd: compileComputeKernel
  api=9 insize=66874 outsize=3613 ok=1
Cmd: compileComputeKernel
  api=9 insize=66874 outsize=6812 ok=1
Cmd: compileComputeKernel
  api=9 insize=66874 outsize=3448 ok=1
Cmd: compileComputeKernel
  api=9 insize=66874 outsize=2999 ok=1
Cmd: compileComputeKernel
  api=9 insize=66874 outsize=2997 ok=1
Cmd: compileComputeKernel
  api=9 insize=66874 outsize=3003 ok=1
Cmd: compileComputeKernel
  api=9 insize=66874 outsize=3128 ok=1
Cmd: compileComputeKernel
  api=9 insize=66874 outsize=3565 ok=1
Cmd: compileComputeKernel
  api=9 insize=66874 outsize=3043 ok=1
Cmd: compileComputeKernel
  api=9 insize=66874 outsize=3253 ok=1
Cmd: compileComputeKernel
  api=9 insize=66874 outsize=3095 ok=1
Cmd: compileComputeKernel
  api=9 insize=66874 outsize=3331 ok=1
Cmd: compileComputeKernel
  api=9 insize=66874 outsize=3041 ok=1
Cmd: compileComputeKernel
  api=9 insize=66874 outsize=3740 ok=1
Cmd: compileComputeKernel
  api=9 insize=66874 outsize=3030 ok=1
Cmd: compileComputeKernel
  api=9 insize=66874 outsize=4201 ok=1
Cmd: compileComputeKernel
  api=9 insize=66874 outsize=4198 ok=1
Cmd: compileComputeKernel
  api=9 insize=66874 outsize=4202 ok=1
Cmd: compileComputeKernel
  api=9 insize=66874 outsize=4388 ok=1
Cmd: compileComputeKernel
  api=9 insize=66874 outsize=4242 ok=1
Cmd: compileComputeKernel
  api=9 insize=66874 outsize=4239 ok=1
Cmd: compileComputeKernel
  api=9 insize=66874 outsize=4245 ok=1
Cmd: compileComputeKernel
  api=9 insize=66874 outsize=4484 ok=1
Cmd: compileComputeKernel
  api=9 insize=66874 outsize=4485 ok=1
Cmd: compileComputeKernel
  api=9 insize=66874 outsize=3062 ok=1
Cmd: compileComputeKernel
  api=9 insize=66874 outsize=2979 ok=1
Cmd: compileComputeKernel
  api=9 insize=66874 outsize=2980 ok=1
Cmd: compileComputeKernel
  api=9 insize=66874 outsize=6835 ok=1
Cmd: compileComputeKernel
  api=9 insize=66874 outsize=3208 ok=1
Cmd: compileComputeKernel
  api=9 insize=66874 outsize=5349 ok=1
Cmd: compileComputeKernel
  api=9 insize=66874 outsize=3156 ok=1
Cmd: compileComputeKernel
  api=4 insize=66874 outsize=1686 ok=1
Cmd: compileComputeKernel
  api=4 insize=66874 outsize=10967 ok=1
Cmd: compileComputeKernel
  api=4 insize=66874 outsize=2479 ok=1
Cmd: compileComputeKernel
  api=4 insize=66874 outsize=1634 ok=1
Cmd: compileComputeKernel
  api=4 insize=66874 outsize=1489 ok=1
Cmd: compileComputeKernel
  api=4 insize=66874 outsize=1489 ok=1
Cmd: compileComputeKernel
  api=4 insize=66874 outsize=1489 ok=1
Cmd: compileComputeKernel
  api=4 insize=66874 outsize=1689 ok=1
Cmd: compileComputeKernel
  api=4 insize=66874 outsize=2041 ok=1
Cmd: compileComputeKernel
  api=4 insize=66874 outsize=3271 ok=1
Cmd: compileComputeKernel
  api=4 insize=66874 outsize=1610 ok=1
Cmd: compileComputeKernel
  api=4 insize=66874 outsize=1287 ok=1
Cmd: compileComputeKernel
  api=4 insize=66874 outsize=1284 ok=1
Cmd: compileComputeKernel
  api=4 insize=66874 outsize=1631 ok=1
Cmd: compileComputeKernel
  api=4 insize=66874 outsize=1520 ok=1
Cmd: compileComputeKernel
  api=4 insize=66874 outsize=1321 ok=1
Cmd: compileComputeKernel
  api=4 insize=66874 outsize=1359 ok=1
Cmd: compileComputeKernel
  api=4 insize=66874 outsize=1861 ok=1
Cmd: compileComputeKernel
  api=4 insize=66874 outsize=1311 ok=1
Cmd: compileComputeKernel
  api=4 insize=66874 outsize=1284 ok=1
Cmd: compileComputeKernel
  api=4 insize=66874 outsize=1777 ok=1
Cmd: compileComputeKernel
  api=4 insize=66874 outsize=1580 ok=1
Cmd: compileComputeKernel
  api=4 insize=66874 outsize=1819 ok=1
Cmd: compileComputeKernel
  api=4 insize=66874 outsize=1819 ok=1
Cmd: compileComputeKernel
  api=4 insize=66874 outsize=1819 ok=1
Cmd: compileComputeKernel
  api=4 insize=66874 outsize=1819 ok=1
Cmd: compileComputeKernel
  api=4 insize=66874 outsize=1856 ok=1
Cmd: compileComputeKernel
  api=4 insize=66874 outsize=1848 ok=1
Cmd: compileComputeKernel
  api=4 insize=66874 outsize=1849 ok=1
Cmd: compileComputeKernel
  api=4 insize=66874 outsize=1998 ok=1
Cmd: compileComputeKernel
  api=4 insize=66874 outsize=1998 ok=1
Cmd: compileComputeKernel
  api=4 insize=66874 outsize=1341 ok=1
Cmd: compileComputeKernel
  api=4 insize=66874 outsize=1750 ok=1
Cmd: compileComputeKernel
  api=4 insize=66874 outsize=2477 ok=1
Cmd: compileComputeKernel
  api=4 insize=66874 outsize=1382 ok=1
Cmd: compileComputeKernel
  api=4 insize=66874 outsize=2591 ok=1
Cmd: compileComputeKernel
  api=18 insize=72903 outsize=41380 ok=1
Cmd: compileComputeKernel
  api=9 insize=72903 outsize=9797 ok=1
Cmd: compileComputeKernel
  api=18 insize=72903 outsize=11988 ok=1
Cmd: compileComputeKernel
  api=18 insize=72903 outsize=35528 ok=1
Cmd: compileComputeKernel
  api=18 insize=72903 outsize=13891 ok=1
Cmd: compileComputeKernel
  api=4 insize=72903 outsize=12700 ok=1
Cmd: compileComputeKernel
  api=4 insize=72903 outsize=5015 ok=1
Cmd: compileComputeKernel
  api=4 insize=72903 outsize=5741 ok=1
Cmd: compileComputeKernel
  api=18 insize=34089 outsize=3181 ok=1
Cmd: compileComputeKernel
  api=18 insize=34089 outsize=2269 ok=1
Cmd: compileComputeKernel
  api=18 insize=34089 outsize=3425 ok=1
Cmd: compileComputeKernel
  api=18 insize=34089 outsize=3426 ok=1
Cmd: compileComputeKernel
  api=18 insize=34089 outsize=3202 ok=1
Cmd: compileComputeKernel
  api=18 insize=34089 outsize=3445 ok=1
Cmd: compileComputeKernel
  api=18 insize=34089 outsize=3809 ok=1
Cmd: compileComputeKernel
  api=18 insize=34089 outsize=4037 ok=1
Cmd: compileComputeKernel
  api=18 insize=34089 outsize=2671 ok=1
Cmd: compileComputeKernel
  api=18 insize=34089 outsize=3967 ok=1
Cmd: compileComputeKernel
  api=18 insize=34089 outsize=3628 ok=1
Cmd: compileComputeKernel
  api=18 insize=34089 outsize=2397 ok=1
Cmd: compileComputeKernel
  api=18 insize=34089 outsize=2286 ok=1
Cmd: compileComputeKernel
  api=18 insize=34089 outsize=3646 ok=1
Cmd: compileComputeKernel
  api=18 insize=34089 outsize=2516 ok=1
Cmd: compileComputeKernel
  api=18 insize=34089 outsize=3664 ok=1
Cmd: compileComputeKernel
  api=18 insize=34089 outsize=5436 ok=1
Cmd: compileComputeKernel
  api=18 insize=34089 outsize=5509 ok=1
Cmd: compileComputeKernel
  api=18 insize=34089 outsize=6043 ok=1
Cmd: compileComputeKernel
  api=18 insize=34089 outsize=6244 ok=1
Cmd: compileComputeKernel
  api=18 insize=34089 outsize=6028 ok=1
Cmd: compileComputeKernel
  api=18 insize=34089 outsize=5641 ok=1
Cmd: compileComputeKernel
  api=18 insize=34089 outsize=5595 ok=1
Cmd: compileComputeKernel
  api=18 insize=34089 outsize=5796 ok=1
Cmd: compileComputeKernel
  api=18 insize=34089 outsize=6074 ok=1
Cmd: compileComputeKernel
  api=18 insize=34089 outsize=5820 ok=1
Cmd: compileComputeKernel
  api=18 insize=34089 outsize=5479 ok=1
Cmd: compileComputeKernel
  api=18 insize=34089 outsize=5416 ok=1
Cmd: compileComputeKernel
  api=18 insize=34089 outsize=5637 ok=1
Cmd: compileComputeKernel
  api=18 insize=34089 outsize=6663 ok=1
Cmd: compileComputeKernel
  api=18 insize=34089 outsize=5655 ok=1
Cmd: compileComputeKernel
  api=9 insize=34089 outsize=1776 ok=1
Cmd: compileComputeKernel
  api=9 insize=34089 outsize=1774 ok=1
Cmd: compileComputeKernel
  api=9 insize=34089 outsize=1445 ok=1
Cmd: compileComputeKernel
  api=9 insize=34089 outsize=1873 ok=1
Cmd: compileComputeKernel
  api=9 insize=34089 outsize=1875 ok=1
Cmd: compileComputeKernel
  api=9 insize=34089 outsize=1893 ok=1
Cmd: compileComputeKernel
  api=9 insize=34089 outsize=1460 ok=1
Cmd: compileComputeKernel
  api=9 insize=34089 outsize=1816 ok=1
Cmd: compileComputeKernel
  api=9 insize=34089 outsize=1915 ok=1
Cmd: compileComputeKernel
  api=9 insize=34089 outsize=2332 ok=1
Cmd: compileComputeKernel
  api=9 insize=34089 outsize=2032 ok=1
Cmd: compileComputeKernel
  api=9 insize=34089 outsize=1893 ok=1
Cmd: compileComputeKernel
  api=9 insize=34089 outsize=2000 ok=1
Cmd: compileComputeKernel
  api=9 insize=34089 outsize=2010 ok=1
Cmd: compileComputeKernel
  api=9 insize=34089 outsize=1932 ok=1
Cmd: compileComputeKernel
  api=9 insize=34089 outsize=1813 ok=1
Cmd: compileComputeKernel
  api=9 insize=34089 outsize=1814 ok=1
Cmd: compileComputeKernel
  api=9 insize=34089 outsize=1452 ok=1
Cmd: compileComputeKernel
  api=9 insize=34089 outsize=1873 ok=1
Cmd: compileComputeKernel
  api=9 insize=34089 outsize=1976 ok=1
Cmd: compileComputeKernel
  api=9 insize=34089 outsize=1934 ok=1
Cmd: compileComputeKernel
  api=9 insize=34089 outsize=1945 ok=1
Cmd: compileComputeKernel
  api=9 insize=34089 outsize=2440 ok=1
Cmd: compileComputeKernel
  api=9 insize=34089 outsize=2834 ok=1
Cmd: compileComputeKernel
  api=9 insize=34089 outsize=2916 ok=1
Cmd: compileComputeKernel
  api=9 insize=34089 outsize=2997 ok=1
Cmd: compileComputeKernel
  api=9 insize=34089 outsize=3986 ok=1
Cmd: compileComputeKernel
  api=9 insize=34089 outsize=3160 ok=1
Cmd: compileComputeKernel
  api=9 insize=34089 outsize=3214 ok=1
Cmd: compileComputeKernel
  api=9 insize=34089 outsize=3167 ok=1
Cmd: compileComputeKernel
  api=9 insize=34089 outsize=2957 ok=1
Cmd: compileComputeKernel
  api=9 insize=34089 outsize=3027 ok=1
Cmd: compileComputeKernel
  api=9 insize=34089 outsize=2954 ok=1
Cmd: compileComputeKernel
  api=9 insize=34089 outsize=3082 ok=1
Cmd: compileComputeKernel
  api=9 insize=34089 outsize=3144 ok=1
Cmd: compileComputeKernel
  api=9 insize=34089 outsize=3049 ok=1
Cmd: compileComputeKernel
  api=9 insize=34089 outsize=2869 ok=1
Cmd: compileComputeKernel
  api=9 insize=34089 outsize=2870 ok=1
Cmd: compileComputeKernel
  api=9 insize=34089 outsize=2830 ok=1
Cmd: compileComputeKernel
  api=9 insize=34089 outsize=2933 ok=1
Cmd: compileComputeKernel
  api=9 insize=34089 outsize=3007 ok=1
Cmd: compileComputeKernel
  api=9 insize=34089 outsize=3324 ok=1
Cmd: compileComputeKernel
  api=9 insize=34089 outsize=2935 ok=1
Cmd: compileComputeKernel
  api=4 insize=34089 outsize=677 ok=1
Cmd: compileComputeKernel
  api=4 insize=34089 outsize=622 ok=1
Cmd: compileComputeKernel
  api=4 insize=34089 outsize=770 ok=1
Cmd: compileComputeKernel
  api=4 insize=34089 outsize=695 ok=1
Cmd: compileComputeKernel
  api=4 insize=34089 outsize=759 ok=1
Cmd: compileComputeKernel
  api=4 insize=34089 outsize=855 ok=1
Cmd: compileComputeKernel
  api=4 insize=34089 outsize=844 ok=1
Cmd: compileComputeKernel
  api=4 insize=34089 outsize=796 ok=1
Cmd: compileComputeKernel
  api=4 insize=34089 outsize=622 ok=1
Cmd: compileComputeKernel
  api=4 insize=34089 outsize=759 ok=1
Cmd: compileComputeKernel
  api=4 insize=34089 outsize=716 ok=1
Cmd: compileComputeKernel
  api=4 insize=34089 outsize=811 ok=1
Cmd: compileComputeKernel
  api=4 insize=34089 outsize=837 ok=1
Cmd: compileComputeKernel
  api=4 insize=34089 outsize=1134 ok=1
Cmd: compileComputeKernel
  api=4 insize=34089 outsize=1292 ok=1
Cmd: compileComputeKernel
  api=4 insize=34089 outsize=1229 ok=1
Cmd: compileComputeKernel
  api=4 insize=34089 outsize=1298 ok=1
Cmd: compileComputeKernel
  api=4 insize=34089 outsize=1861 ok=1
Cmd: compileComputeKernel
  api=4 insize=34089 outsize=1524 ok=1
Cmd: compileComputeKernel
  api=4 insize=34089 outsize=1484 ok=1
Cmd: compileComputeKernel
  api=4 insize=34089 outsize=1369 ok=1
Cmd: compileComputeKernel
  api=4 insize=34089 outsize=1306 ok=1
Cmd: compileComputeKernel
  api=4 insize=34089 outsize=1300 ok=1
Cmd: compileComputeKernel
  api=4 insize=34089 outsize=1442 ok=1
Cmd: compileComputeKernel
  api=4 insize=34089 outsize=1359 ok=1
Cmd: compileComputeKernel
  api=4 insize=34089 outsize=1359 ok=1
Cmd: compileComputeKernel
  api=4 insize=34089 outsize=1311 ok=1
Cmd: compileComputeKernel
  api=4 insize=34089 outsize=1248 ok=1
Cmd: compileComputeKernel
  api=4 insize=34089 outsize=1288 ok=1
Cmd: compileComputeKernel
  api=4 insize=34089 outsize=1284 ok=1
Cmd: compileComputeKernel
  api=4 insize=34089 outsize=1369 ok=1
Cmd: compileComputeKernel
  api=4 insize=34089 outsize=1631 ok=1
Cmd: compileComputeKernel
  api=4 insize=34089 outsize=1618 ok=1
Cmd: compileComputeKernel
  api=18 insize=79248 outsize=11287 ok=1
Cmd: compileComputeKernel
  api=18 insize=79248 outsize=42248 ok=1
Cmd: compileComputeKernel
  api=18 insize=79248 outsize=39372 ok=1
Cmd: compileComputeKernel
  api=18 insize=79248 outsize=98926 ok=1
Cmd: compileComputeKernel
  api=18 insize=79248 outsize=93206 ok=1
Cmd: compileComputeKernel
  api=18 insize=79248 outsize=15113 ok=1
Cmd: compileComputeKernel
  api=18 insize=79248 outsize=51936 ok=1
Cmd: compileComputeKernel
  api=9 insize=79248 outsize=5815 ok=1
Cmd: compileComputeKernel
  api=9 insize=79248 outsize=13288 ok=1
Cmd: compileComputeKernel
  api=9 insize=79248 outsize=23725 ok=1
Cmd: compileComputeKernel
  api=9 insize=79248 outsize=20875 ok=1
Cmd: compileComputeKernel
  api=9 insize=79248 outsize=22244 ok=1
Cmd: compileComputeKernel
  api=9 insize=79248 outsize=56344 ok=1
Cmd: compileComputeKernel
  api=9 insize=79248 outsize=68893 ok=1
Cmd: compileComputeKernel
  api=9 insize=79248 outsize=58473 ok=1
Cmd: compileComputeKernel
  api=4 insize=79248 outsize=22142 ok=1
Cmd: compileComputeKernel
  api=4 insize=79248 outsize=24349 ok=1
Cmd: compileComputeKernel
  api=4 insize=79248 outsize=30558 ok=1
Cmd: compileComputeKernel
  api=18 insize=4442 outsize=6634 ok=1
Cmd: compileComputeKernel
  api=18 insize=4442 outsize=7944 ok=1
Cmd: compileComputeKernel
  api=9 insize=4442 outsize=2962 ok=1
Cmd: compileComputeKernel
  api=9 insize=4442 outsize=3806 ok=1
Cmd: compileComputeKernel
  api=4 insize=4442 outsize=1750 ok=1
Cmd: compileComputeKernel
  api=9 insize=1900 outsize=6232 ok=1
Cmd: compileComputeKernel
  api=4 insize=1900 outsize=3122 ok=1
Cmd: compileSnippet
  api=4 type=0 insize=2295 outsize=858 kw= pd=UNITY_NO_DXT5nm UNITY_ENABLE_REFLECTION_BUFFERS UNITY_NO_CUBEMAP_ARRAY UNITY_NO_SCREENSPACE_SHADOWS UNITY_PBS_USE_BRDF2 SHADER_API_DESKTOP UNITY_HARDWARE_TIER3 UNITY_COLORSPACE_GAMMA UNITY_LIGHTMAP_DLDR_ENCODING ok=1
